c:\users\aymeric robert\documents\projects\visual studio\graphicsengine\x64\debug\vc143.pdb
c:\users\aymeric robert\documents\projects\visual studio\graphicsengine\x64\debug\vc143.idb
c:\users\aymeric robert\documents\projects\visual studio\graphicsengine\x64\debug\imgui_widgets.obj
c:\users\aymeric robert\documents\projects\visual studio\graphicsengine\x64\debug\imgui_tables.obj
c:\users\aymeric robert\documents\projects\visual studio\graphicsengine\x64\debug\imgui_impl_opengl3.obj
c:\users\aymeric robert\documents\projects\visual studio\graphicsengine\x64\debug\imgui_impl_glfw.obj
c:\users\aymeric robert\documents\projects\visual studio\graphicsengine\x64\debug\imgui_draw.obj
c:\users\aymeric robert\documents\projects\visual studio\graphicsengine\x64\debug\imgui_demo.obj
c:\users\aymeric robert\documents\projects\visual studio\graphicsengine\x64\debug\imgui.obj
c:\users\aymeric robert\documents\projects\visual studio\graphicsengine\x64\debug\shader.obj
c:\users\aymeric robert\documents\projects\visual studio\graphicsengine\x64\debug\app.obj
c:\users\aymeric robert\documents\projects\visual studio\graphicsengine\x64\debug\framebuffer.obj
c:\users\aymeric robert\documents\projects\visual studio\graphicsengine\x64\debug\engine.obj
c:\users\aymeric robert\documents\projects\visual studio\graphicsengine\x64\debug\main.obj
c:\users\aymeric robert\documents\projects\visual studio\graphicsengine\x64\debug\renderer.obj
c:\users\aymeric robert\documents\projects\visual studio\graphicsengine\x64\debug\glad.obj
c:\users\aymeric robert\documents\projects\visual studio\graphicsengine\x64\debug\stb_image.obj
c:\users\aymeric robert\documents\projects\visual studio\graphicsengine\x64\debug\graphicsengine.ilk
c:\users\aymeric robert\documents\projects\visual studio\graphicsengine\x64\debug\graphicsengine.exe
c:\users\aymeric robert\documents\projects\visual studio\graphicsengine\x64\debug\graphicsengine.pdb
c:\users\aymeric robert\documents\projects\visual studio\graphicsengine\x64\debug\graphicsengine.tlog\cl.command.1.tlog
c:\users\aymeric robert\documents\projects\visual studio\graphicsengine\x64\debug\graphicsengine.tlog\cl.items.tlog
c:\users\aymeric robert\documents\projects\visual studio\graphicsengine\x64\debug\graphicsengine.tlog\cl.read.1.tlog
c:\users\aymeric robert\documents\projects\visual studio\graphicsengine\x64\debug\graphicsengine.tlog\cl.write.1.tlog
c:\users\aymeric robert\documents\projects\visual studio\graphicsengine\x64\debug\graphicsengine.tlog\link.command.1.tlog
c:\users\aymeric robert\documents\projects\visual studio\graphicsengine\x64\debug\graphicsengine.tlog\link.read.1.tlog
c:\users\aymeric robert\documents\projects\visual studio\graphicsengine\x64\debug\graphicsengine.tlog\link.write.1.tlog
